<?xml version="1.0" encoding="UTF-8"?>
<!-- Generated by org.testng.reporters.JUnitXMLReporter -->
<testsuite ignored="2" hostname="DESKTOP-D3V7LUR" failures="1" tests="1" name="Test" time="0.086" errors="0" timestamp="2025-02-26T13:55:12 IST">
  <testcase classname="seleniumpractices.TestNgGroups" name="verifyHomePageUrl" time="0.012">
    <failure type="java.lang.NullPointerException" message="Cannot invoke &amp;quot;org.openqa.selenium.WebDriver.getCurrentUrl()&amp;quot; because &amp;quot;this.driver&amp;quot; is null">
      <![CDATA[java.lang.NullPointerException: Cannot invoke "org.openqa.selenium.WebDriver.getCurrentUrl()" because "this.driver" is null
at seleniumpractices.TestNgGroups.verifyHomePageUrl(TestNgGroups.java:43)
at java.base/java.util.ArrayList.forEach(ArrayList.java:1511)
... Removed 27 stack frames]]>
    </failure>
  </testcase> <!-- verifyHomePageUrl -->
  <testcase classname="seleniumpractices.TestNgGroups" name="verifyValidLogin" time="0.0">
    <ignored/>
  </testcase> <!-- verifyValidLogin -->
  <testcase classname="seleniumpractices.TestNgGroups" name="homePageTitle" time="0.0">
    <ignored/>
  </testcase> <!-- homePageTitle -->
</testsuite> <!-- Test -->
