<?xml version="1.0" encoding="UTF-8"?>
<!-- Generated by org.testng.reporters.JUnitXMLReporter -->
<testsuite ignored="11" hostname="PARTHA" failures="0" tests="7" name="Test" time="108.975" errors="0" timestamp="2025-10-04T15:53:00 IST">
  <testcase classname="testcases.VerifyOnlyTestingPage" name="verifyOnlyTestingPage" time="4.9"/>
  <testcase classname="testcases.VerifyTableData" name="verifyTableData" time="0.555"/>
  <testcase classname="seleniumpractices.TestNgGroups" name="verifyValidLogin" time="10.999"/>
  <testcase classname="seleniumpractices.TestNgGroups" name="verifyValidLogin" time="4.597"/>
  <testcase classname="seleniumpractices.TestNgGroups" name="verifyValidLogin" time="5.039"/>
  <testcase classname="seleniumpractices.TestNgGroups" name="homePageTitle" time="0.074"/>
  <testcase classname="seleniumpractices.TestNgGroups" name="verifyHomePageUrl" time="0.022"/>
  <testcase classname="seleniumpractices.TestcasePriority" name="homePageTitle" time="0.0">
    <ignored/>
  </testcase> <!-- homePageTitle -->
  <testcase classname="seleniumpractices.VerifyValidLogin" name="verifyHomePageUrl" time="0.0">
    <ignored/>
  </testcase> <!-- verifyHomePageUrl -->
  <testcase classname="seleniumpractices.DataProviderInTestNg" name="verifyValidLogin1" time="0.0">
    <ignored/>
  </testcase> <!-- verifyValidLogin1 -->
  <testcase classname="seleniumpractices.SoftAssertionsInTestNg" name="verifyHomePageFunctinality" time="0.0">
    <ignored/>
  </testcase> <!-- verifyHomePageFunctinality -->
  <testcase classname="seleniumpractices.TestcasePriority" name="verifyValidLogin" time="0.0">
    <ignored/>
  </testcase> <!-- verifyValidLogin -->
  <testcase classname="seleniumpractices.VerifyValidLogin" name="verifyHomePageTitle" time="0.0">
    <ignored/>
  </testcase> <!-- verifyHomePageTitle -->
  <testcase classname="seleniumpractices.TestcasePriority" name="verifyHomePageUrl" time="0.0">
    <ignored/>
  </testcase> <!-- verifyHomePageUrl -->
  <testcase classname="seleniumpractices.HardAssertInTestNg" name="verifyHomePageFunctinality" time="0.0">
    <ignored/>
  </testcase> <!-- verifyHomePageFunctinality -->
  <testcase classname="seleniumpractices.TestNgAnnotations" name="testCase" time="0.0">
    <ignored/>
  </testcase> <!-- testCase -->
  <testcase classname="seleniumpractices.VerifyValidLogin" name="verifyValidLogin" time="0.0">
    <ignored/>
  </testcase> <!-- verifyValidLogin -->
  <testcase classname="testcases.VerifyLoginFirstMSg" name="verifyLoginFirstMSg" time="0.0">
    <ignored/>
  </testcase> <!-- verifyLoginFirstMSg -->
</testsuite> <!-- Test -->
