<?xml version="1.0" encoding="UTF-8"?>
<testng-results ignored="0" total="1" passed="1" failed="0" skipped="0">
  <reporter-output>
  </reporter-output>
  <suite started-at="2025-03-13T20:47:48 IST" name="Default suite" finished-at="2025-03-13T20:47:57 IST" duration-ms="8452">
    <groups>
    </groups>
    <test started-at="2025-03-13T20:47:48 IST" name="Default test" finished-at="2025-03-13T20:47:57 IST" duration-ms="8452">
      <class name="seleniumpractices.HardAssertInTestNg">
        <test-method is-config="true" signature="setup()[pri:0, instance:seleniumpractices.HardAssertInTestNg@2b662a77]" started-at="2025-03-13T20:47:48 IST" name="setup" finished-at="2025-03-13T20:47:54 IST" duration-ms="6069" status="PASS">
          <reporter-output>
          </reporter-output>
        </test-method> <!-- setup -->
        <test-method signature="verifyHomePageFunctinality()[pri:0, instance:seleniumpractices.HardAssertInTestNg@2b662a77]" started-at="2025-03-13T20:47:54 IST" name="verifyHomePageFunctinality" finished-at="2025-03-13T20:47:56 IST" duration-ms="1956" status="PASS">
          <reporter-output>
          </reporter-output>
        </test-method> <!-- verifyHomePageFunctinality -->
        <test-method is-config="true" signature="tearDown()[pri:0, instance:seleniumpractices.HardAssertInTestNg@2b662a77]" started-at="2025-03-13T20:47:56 IST" name="tearDown" finished-at="2025-03-13T20:47:57 IST" duration-ms="345" status="PASS">
          <reporter-output>
          </reporter-output>
        </test-method> <!-- tearDown -->
      </class> <!-- seleniumpractices.HardAssertInTestNg -->
    </test> <!-- Default test -->
  </suite> <!-- Default suite -->
</testng-results>
