<?xml version="1.0" encoding="UTF-8"?>
<!-- Generated by org.testng.reporters.JUnitReportReporter -->
<testsuite hostname="PARTHA" failures="0" tests="3" name="seleniumpractices.VerifyValidLogin" time="55.373" errors="0" timestamp="2025-10-04T15:05:25 IST" skipped="0">
  <testcase classname="seleniumpractices.VerifyValidLogin" name="verifyHomePageTitle" time="16.617"/>
  <testcase classname="seleniumpractices.VerifyValidLogin" name="verifyValidLogin" time="28.610"/>
  <testcase classname="seleniumpractices.VerifyValidLogin" name="verifyHomePageUrl" time="10.146"/>
</testsuite> <!-- seleniumpractices.VerifyValidLogin -->
