<?xml version="1.0" encoding="UTF-8"?>
<!-- Generated by org.testng.reporters.JUnitReportReporter -->
<testsuite hostname="PARTHA" failures="0" tests="5" name="seleniumpractices.TestNgGroups" time="85.760" errors="0" timestamp="2025-10-04T15:53:00 IST" skipped="0">
  <testcase classname="seleniumpractices.TestNgGroups" name="verifyValidLogin" time="20.991">
    <system-out>
      <![CDATA[Test Case Started!!
Test Case Passed !!]]>
    </system-out>
  </testcase> <!-- verifyValidLogin -->
  <testcase classname="seleniumpractices.TestNgGroups" name="verifyValidLogin" time="17.371">
    <system-out>
      <![CDATA[Test Case Started!!
Test Case Passed !!]]>
    </system-out>
  </testcase> <!-- verifyValidLogin -->
  <testcase classname="seleniumpractices.TestNgGroups" name="verifyValidLogin" time="21.678">
    <system-out>
      <![CDATA[Test Case Started!!
Test Case Passed !!]]>
    </system-out>
  </testcase> <!-- verifyValidLogin -->
  <testcase classname="seleniumpractices.TestNgGroups" name="homePageTitle" time="16.658">
    <system-out>
      <![CDATA[Test Case Started!!
Test Case Passed !!]]>
    </system-out>
  </testcase> <!-- homePageTitle -->
  <testcase classname="seleniumpractices.TestNgGroups" name="verifyHomePageUrl" time="9.062">
    <system-out>
      <![CDATA[Test Case Started!!
Test Case Passed !!]]>
    </system-out>
  </testcase> <!-- verifyHomePageUrl -->
  <system-out>
    <![CDATA[Test Case Started!!
Test Case Passed !!
Test Case Started!!
Test Case Passed !!
Test Case Started!!
Test Case Passed !!
Test Case Started!!
Test Case Passed !!
Test Case Started!!
Test Case Passed !!
Test Case Started!!
Test Case Passed !!
Test Case Started!!
Test Case Passed !!]]>
  </system-out>
</testsuite> <!-- seleniumpractices.TestNgGroups -->
